# JRE version: OpenJDK Runtime Environment Temurin-21.0.9+10 (21.0.9+10) (build 21.0.9+10-LTS)
# Java VM: OpenJDK 64-Bit Server VM Temurin-21.0.9+10 (21.0.9+10-LTS, mixed mode, tiered, compressed oops, compressed class ptrs, g1 gc, windows-amd64)
GC Precious Log:
 CardTable entry size: 512
 Card Set container configuration: InlinePtr #cards 4 size 8 Array Of Cards #cards 16 size 48 Howl #buckets 8 coarsen threshold 3686 Howl Bitmap #cards 512 size 80 coarsen threshold 460 Card regions per heap region 1 cards per card region 4096
 CPUs: 20 total, 20 available
 Memory: 16055M
 Large Page Support: Disabled
 NUMA Support: Disabled
 Compressed Oops: Enabled (Zero based)
 Heap Region Size: 2M
 Heap Min Capacity: 8M
 Heap Initial Capacity: 252M
 Heap Max Capacity: 4014M
 Pre-touch: Disabled
 Parallel Workers: 15
 Concurrent Workers: 4
 Concurrent Refinement Workers: 15
 Periodic GC: Disabled
Heap:
 garbage-first heap   total 440320K, used 163218K [0x0000000705200000, 0x0000000800000000)
  region size 2048K, 9 young (18432K), 9 survivors (18432K)
 Metaspace       used 89004K, committed 90176K, reserved 1179648K
  class space    used 9955K, committed 10496K, reserved 1048576K
GC Heap History (20 events):
Event: 12.492 GC heap after
{Heap after GC invocations=38 (full 0):
 garbage-first heap   total 335872K, used 155115K [0x0000000705200000, 0x0000000800000000)
  region size 2048K, 7 young (14336K), 7 survivors (14336K)
 Metaspace       used 88960K, committed 90112K, reserved 1179648K
  class space    used 9953K, committed 10496K, reserved 1048576K
}
Event: 12.621 GC heap before
{Heap before GC invocations=38 (full 0):
 garbage-first heap   total 335872K, used 310763K [0x0000000705200000, 0x0000000800000000)
  region size 2048K, 83 young (169984K), 7 survivors (14336K)
 Metaspace       used 88997K, committed 90176K, reserved 1179648K
  class space    used 9955K, committed 10496K, reserved 1048576K
}
Event: 12.624 GC heap after
{Heap after GC invocations=39 (full 0):
 garbage-first heap   total 335872K, used 156568K [0x0000000705200000, 0x0000000800000000)
  region size 2048K, 7 young (14336K), 7 survivors (14336K)
 Metaspace       used 88997K, committed 90176K, reserved 1179648K
  class space    used 9955K, committed 10496K, reserved 1048576K
}
Event: 12.727 GC heap before
{Heap before GC invocations=40 (full 0):
 garbage-first heap   total 335872K, used 314264K [0x0000000705200000, 0x0000000800000000)
  region size 2048K, 84 young (172032K), 7 survivors (14336K)
 Metaspace       used 89001K, committed 90176K, reserved 1179648K
  class space    used 9955K, committed 10496K, reserved 1048576K
}
Event: 12.730 GC heap after
{Heap after GC invocations=41 (full 0):
 garbage-first heap   total 335872K, used 160197K [0x0000000705200000, 0x0000000800000000)
  region size 2048K, 7 young (14336K), 7 survivors (14336K)
 Metaspace       used 89001K, committed 90176K, reserved 1179648K
  class space    used 9955K, committed 10496K, reserved 1048576K
}
Event: 12.765 GC heap before
{Heap before GC invocations=41 (full 0):
 garbage-first heap   total 335872K, used 315845K [0x0000000705200000, 0x0000000800000000)
  region size 2048K, 83 young (169984K), 7 survivors (14336K)
 Metaspace       used 89001K, committed 90176K, reserved 1179648K
  class space    used 9955K, committed 10496K, reserved 1048576K
}
Event: 12.768 GC heap after
{Heap after GC invocations=42 (full 0):
 garbage-first heap   total 335872K, used 161183K [0x0000000705200000, 0x0000000800000000)
  region size 2048K, 6 young (12288K), 6 survivors (12288K)
 Metaspace       used 89001K, committed 90176K, reserved 1179648K
  class space    used 9955K, committed 10496K, reserved 1048576K
}
Event: 12.818 GC heap before
{Heap before GC invocations=42 (full 0):
 garbage-first heap   total 335872K, used 314783K [0x0000000705200000, 0x0000000800000000)
  region size 2048K, 81 young (165888K), 6 survivors (12288K)
 Metaspace       used 89002K, committed 90176K, reserved 1179648K
  class space    used 9955K, committed 10496K, reserved 1048576K
}
Event: 12.820 GC heap after
{Heap after GC invocations=43 (full 0):
 garbage-first heap   total 335872K, used 160875K [0x0000000705200000, 0x0000000800000000)
  region size 2048K, 6 young (12288K), 6 survivors (12288K)
 Metaspace       used 89002K, committed 90176K, reserved 1179648K
  class space    used 9955K, committed 10496K, reserved 1048576K
}
Event: 12.852 GC heap before
{Heap before GC invocations=44 (full 0):
 garbage-first heap   total 335872K, used 314475K [0x0000000705200000, 0x0000000800000000)
  region size 2048K, 81 young (165888K), 6 survivors (12288K)
 Metaspace       used 89002K, committed 90176K, reserved 1179648K
  class space    used 9955K, committed 10496K, reserved 1048576K
}
Event: 12.854 GC heap after
{Heap after GC invocations=45 (full 0):
 garbage-first heap   total 440320K, used 161109K [0x0000000705200000, 0x0000000800000000)
  region size 2048K, 6 young (12288K), 6 survivors (12288K)
 Metaspace       used 89002K, committed 90176K, reserved 1179648K
  class space    used 9955K, committed 10496K, reserved 1048576K
}
Event: 12.951 GC heap before
{Heap before GC invocations=45 (full 0):
 garbage-first heap   total 440320K, used 406869K [0x0000000705200000, 0x0000000800000000)
  region size 2048K, 126 young (258048K), 6 survivors (12288K)
 Metaspace       used 89002K, committed 90176K, reserved 1179648K
  class space    used 9955K, committed 10496K, reserved 1048576K
}
Event: 12.953 GC heap after
{Heap after GC invocations=46 (full 0):
 garbage-first heap   total 440320K, used 160325K [0x0000000705200000, 0x0000000800000000)
  region size 2048K, 7 young (14336K), 7 survivors (14336K)
 Metaspace       used 89002K, committed 90176K, reserved 1179648K
  class space    used 9955K, committed 10496K, reserved 1048576K
}
Event: 13.032 GC heap before
{Heap before GC invocations=46 (full 0):
 garbage-first heap   total 440320K, used 410181K [0x0000000705200000, 0x0000000800000000)
  region size 2048K, 129 young (264192K), 7 survivors (14336K)
 Metaspace       used 89003K, committed 90176K, reserved 1179648K
  class space    used 9955K, committed 10496K, reserved 1048576K
}
Event: 13.035 GC heap after
{Heap after GC invocations=47 (full 0):
 garbage-first heap   total 440320K, used 162105K [0x0000000705200000, 0x0000000800000000)
  region size 2048K, 7 young (14336K), 7 survivors (14336K)
 Metaspace       used 89003K, committed 90176K, reserved 1179648K
  class space    used 9955K, committed 10496K, reserved 1048576K
}
Event: 13.095 GC heap before
{Heap before GC invocations=48 (full 0):
 garbage-first heap   total 440320K, used 411961K [0x0000000705200000, 0x0000000800000000)
  region size 2048K, 129 young (264192K), 7 survivors (14336K)
 Metaspace       used 89003K, committed 90176K, reserved 1179648K
  class space    used 9955K, committed 10496K, reserved 1048576K
}
Event: 13.097 GC heap after
{Heap after GC invocations=49 (full 0):
 garbage-first heap   total 440320K, used 162887K [0x0000000705200000, 0x0000000800000000)
  region size 2048K, 8 young (16384K), 8 survivors (16384K)
 Metaspace       used 89003K, committed 90176K, reserved 1179648K
  class space    used 9955K, committed 10496K, reserved 1048576K
}
Event: 13.169 GC heap before
{Heap before GC invocations=49 (full 0):
 garbage-first heap   total 440320K, used 410695K [0x0000000705200000, 0x0000000800000000)
  region size 2048K, 129 young (264192K), 8 survivors (16384K)
 Metaspace       used 89004K, committed 90176K, reserved 1179648K
  class space    used 9955K, committed 10496K, reserved 1048576K
}
Event: 13.172 GC heap after
{Heap after GC invocations=50 (full 0):
 garbage-first heap   total 440320K, used 161692K [0x0000000705200000, 0x0000000800000000)
  region size 2048K, 8 young (16384K), 8 survivors (16384K)
 Metaspace       used 89004K, committed 90176K, reserved 1179648K
  class space    used 9955K, committed 10496K, reserved 1048576K
}
Event: 13.267 GC heap before
{Heap before GC invocations=50 (full 0):
 garbage-first heap   total 440320K, used 409500K [0x0000000705200000, 0x0000000800000000)
  region size 2048K, 129 young (264192K), 8 survivors (16384K)
 Metaspace       used 89004K, committed 90176K, reserved 1179648K
  class space    used 9955K, committed 10496K, reserved 1048576K
}

